0 info it worked if it ends with ok
1 verbose cli [ '/usr/local/Cellar/node/4.2.1/bin/node',
1 verbose cli   '/usr/local/bin/npm',
1 verbose cli   'install' ]
2 info using npm@2.14.7
3 info using node@v4.2.1
4 verbose readDependencies loading dependencies from /Users/Christian1/Desktop/bootcamp/blogged/package.json
5 error install Couldn't read dependencies
6 verbose stack Error: ENOENT: no such file or directory, open '/Users/Christian1/Desktop/bootcamp/blogged/package.json'
6 verbose stack     at Error (native)
7 verbose cwd /Users/Christian1/Desktop/bootcamp/blogged
8 error Darwin 15.0.0
9 error argv "/usr/local/Cellar/node/4.2.1/bin/node" "/usr/local/bin/npm" "install"
10 error node v4.2.1
11 error npm  v2.14.7
12 error path /Users/Christian1/Desktop/bootcamp/blogged/package.json
13 error code ENOPACKAGEJSON
14 error errno -2
15 error syscall open
16 error package.json ENOENT: no such file or directory, open '/Users/Christian1/Desktop/bootcamp/blogged/package.json'
16 error package.json This is most likely not a problem with npm itself.
16 error package.json npm can't find a package.json file in your current directory.
17 verbose exit [ -2, true ]
